<?xml version="1.0" encoding="UTF-8"?>
<testng-results ignored="0" total="1" passed="1" failed="0" skipped="0">
  <reporter-output>
  </reporter-output>
  <suite started-at="2023-05-30T16:57:34 GMT-04:00" name="Default suite" finished-at="2023-05-30T16:57:56 GMT-04:00" duration-ms="22384">
    <groups>
    </groups>
    <test started-at="2023-05-30T16:57:34 GMT-04:00" name="Default test" finished-at="2023-05-30T16:57:56 GMT-04:00" duration-ms="22384">
      <class name="Testcase.Testcases">
        <test-method is-config="true" signature="beforeSuite()[pri:0, instance:Testcase.Testcases@1dde4cb2]" started-at="2023-05-30T16:57:26 GMT-04:00" name="beforeSuite" finished-at="2023-05-30T16:57:34 GMT-04:00" duration-ms="7563" status="PASS">
          <reporter-output>
          </reporter-output>
        </test-method> <!-- beforeSuite -->
        <test-method is-config="true" signature="Login()[pri:0, instance:Testcase.Testcases@1dde4cb2]" started-at="2023-05-30T16:57:34 GMT-04:00" name="Login" finished-at="2023-05-30T16:57:41 GMT-04:00" duration-ms="7415" status="PASS">
          <reporter-output>
          </reporter-output>
        </test-method> <!-- Login -->
        <test-method signature="Addnewuser()[pri:0, instance:Testcase.Testcases@1dde4cb2]" started-at="2023-05-30T16:57:41 GMT-04:00" name="Addnewuser" finished-at="2023-05-30T16:57:56 GMT-04:00" duration-ms="14887" status="PASS">
          <reporter-output>
          </reporter-output>
        </test-method> <!-- Addnewuser -->
      </class> <!-- Testcase.Testcases -->
    </test> <!-- Default test -->
  </suite> <!-- Default suite -->
</testng-results>
